<?xml version="1.0" encoding="UTF-8"?>
<coverage generated="1641248799596" clover="3.2.0">
  <project timestamp="1641248799596" name="All files">
    <metrics statements="38" coveredstatements="37" conditionals="9" coveredconditionals="6" methods="14" coveredmethods="14" elements="61" coveredelements="57" complexity="0" loc="38" ncloc="38" packages="2" files="4" classes="4"/>
    <package name="NodeJSTesting2022">
      <metrics statements="37" coveredstatements="36" conditionals="9" coveredconditionals="6" methods="14" coveredmethods="14"/>
      <file name="add.js" path="C:\Users\Monika Zajac\Desktop\MICHAL\NPM\@EvernoteCode\ES6\Testing\Bahdcast\NodeJSTesting2022\add.js">
        <metrics statements="2" coveredstatements="2" conditionals="0" coveredconditionals="0" methods="1" coveredmethods="1"/>
        <line num="3" count="2" type="stmt"/>
        <line num="6" count="1" type="stmt"/>
      </file>
      <file name="parse-stringify.js" path="C:\Users\Monika Zajac\Desktop\MICHAL\NPM\@EvernoteCode\ES6\Testing\Bahdcast\NodeJSTesting2022\parse-stringify.js">
        <metrics statements="19" coveredstatements="19" conditionals="5" coveredconditionals="3" methods="5" coveredmethods="5"/>
        <line num="3" count="1" type="stmt"/>
        <line num="4" count="1" type="cond" truecount="1" falsecount="1"/>
        <line num="5" count="1" type="stmt"/>
        <line num="8" count="1" type="stmt"/>
        <line num="10" count="1" type="stmt"/>
        <line num="12" count="1" type="stmt"/>
        <line num="14" count="1" type="stmt"/>
        <line num="16" count="1" type="stmt"/>
        <line num="20" count="1" type="stmt"/>
        <line num="23" count="1" type="stmt"/>
        <line num="24" count="1" type="cond" truecount="2" falsecount="1"/>
        <line num="26" count="1" type="stmt"/>
        <line num="29" count="1" type="stmt"/>
        <line num="30" count="1" type="stmt"/>
        <line num="32" count="1" type="stmt"/>
        <line num="34" count="1" type="stmt"/>
        <line num="35" count="1" type="stmt"/>
        <line num="38" count="1" type="stmt"/>
        <line num="41" count="1" type="stmt"/>
      </file>
      <file name="users.js" path="C:\Users\Monika Zajac\Desktop\MICHAL\NPM\@EvernoteCode\ES6\Testing\Bahdcast\NodeJSTesting2022\users.js">
        <metrics statements="16" coveredstatements="15" conditionals="4" coveredconditionals="3" methods="8" coveredmethods="8"/>
        <line num="1" count="1" type="stmt"/>
        <line num="3" count="1" type="stmt"/>
        <line num="4" count="2" type="stmt"/>
        <line num="5" count="2" type="stmt"/>
        <line num="6" count="1" type="stmt"/>
        <line num="8" count="1" type="cond" truecount="1" falsecount="1"/>
        <line num="9" count="0" type="stmt"/>
        <line num="12" count="1" type="stmt"/>
        <line num="20" count="1" type="stmt"/>
        <line num="21" count="3" type="stmt"/>
        <line num="22" count="3" type="stmt"/>
        <line num="23" count="5" type="stmt"/>
        <line num="25" count="3" type="cond" truecount="2" falsecount="0"/>
        <line num="26" count="1" type="stmt"/>
        <line num="29" count="2" type="stmt"/>
        <line num="37" count="1" type="stmt"/>
      </file>
    </package>
    <package name="NodeJSTesting2022.db">
      <metrics statements="1" coveredstatements="1" conditionals="0" coveredconditionals="0" methods="0" coveredmethods="0"/>
      <file name="users.js" path="C:\Users\Monika Zajac\Desktop\MICHAL\NPM\@EvernoteCode\ES6\Testing\Bahdcast\NodeJSTesting2022\db\users.js">
        <metrics statements="1" coveredstatements="1" conditionals="0" coveredconditionals="0" methods="0" coveredmethods="0"/>
        <line num="1" count="1" type="stmt"/>
      </file>
    </package>
  </project>
</coverage>
