TN:
SF:add.js
FN:1,add
FNF:1
FNH:1
FNDA:2,add
DA:3,2
DA:6,1
LF:2
LH:2
BRF:0
BRH:0
end_of_record
TN:
SF:parse-stringify.js
FN:3,(anonymous_0)
FN:12,(anonymous_1)
FN:23,(anonymous_2)
FN:24,(anonymous_3)
FN:29,(anonymous_4)
FNF:5
FNH:5
FNDA:1,(anonymous_0)
FNDA:1,(anonymous_1)
FNDA:1,(anonymous_2)
FNDA:1,(anonymous_3)
FNDA:1,(anonymous_4)
DA:3,1
DA:4,1
DA:5,1
DA:8,1
DA:10,1
DA:12,1
DA:14,1
DA:16,1
DA:20,1
DA:23,1
DA:24,1
DA:26,1
DA:29,1
DA:30,1
DA:32,1
DA:34,1
DA:35,1
DA:38,1
DA:41,1
LF:19
LH:19
BRDA:4,0,0,1
BRDA:4,0,1,0
BRDA:24,1,0,1
BRDA:24,1,1,1
BRDA:24,1,2,0
BRF:5
BRH:3
end_of_record
TN:
SF:users.js
FN:3,(anonymous_0)
FN:4,(anonymous_1)
FN:5,(anonymous_2)
FN:6,(anonymous_3)
FN:20,(anonymous_4)
FN:21,(anonymous_5)
FN:22,(anonymous_6)
FN:23,(anonymous_7)
FNF:8
FNH:8
FNDA:2,(anonymous_0)
FNDA:2,(anonymous_1)
FNDA:1,(anonymous_2)
FNDA:1,(anonymous_3)
FNDA:3,(anonymous_4)
FNDA:3,(anonymous_5)
FNDA:3,(anonymous_6)
FNDA:5,(anonymous_7)
DA:1,1
DA:3,1
DA:4,2
DA:5,2
DA:6,1
DA:8,1
DA:9,0
DA:12,1
DA:20,1
DA:21,3
DA:22,3
DA:23,5
DA:25,3
DA:26,1
DA:29,2
DA:37,1
LF:16
LH:15
BRDA:8,0,0,0
BRDA:8,0,1,1
BRDA:25,1,0,1
BRDA:25,1,1,2
BRF:4
BRH:3
end_of_record
TN:
SF:db\users.js
FNF:0
FNH:0
DA:1,1
LF:1
LH:1
BRF:0
BRH:0
end_of_record
